###############################################################################
#                                                                             #
# IAR C/C++ Compiler V5.50.1.50465/W32 for MSP430       07/Aug/2015  15:24:02 #
# Copyright 1996-2012 IAR Systems AB.                                         #
#                                                                             #
#    __rt_version  =  3                                                       #
#    __double_size =  32                                                      #
#    __reg_r4      =  regvar                                                  #
#    __reg_r5      =  free                                                    #
#    __pic         =  no                                                      #
#    __core        =  430                                                     #
#    Source file   =  D:\_My_Doc\Project\Arton-DL1\PRG\Arton-DL1\delay.c      #
#    Command line  =  D:\_My_Doc\Project\Arton-DL1\PRG\Arton-DL1\delay.c      #
#                     -lcN D:\_My_Doc\Project\Arton-DL1\PRG\Arton-DL1\IAR\Deb #
#                     ug\List\ -o D:\_My_Doc\Project\Arton-DL1\PRG\Arton-DL1\ #
#                     IAR\Debug\Obj\ --debug -D__MSP430G2553__ -e             #
#                     --double=32 --regvar_r4 --dlib_config "C:\Program       #
#                     Files (x86)\IAR Systems\Embedded Workbench              #
#                     6.4\430\LIB\DLIB\dl430fn.h" -I ..\RF\ -I RF\ -Oh        #
#    List file     =  D:\_My_Doc\Project\Arton-DL1\PRG\Arton-DL1\IAR\Debug\Li #
#                     st\delay.lst                                            #
#    Object file   =  D:\_My_Doc\Project\Arton-DL1\PRG\Arton-DL1\IAR\Debug\Ob #
#                     j\delay.r43                                             #
#                                                                             #
#                                                                             #
###############################################################################

D:\_My_Doc\Project\Arton-DL1\PRG\Arton-DL1\delay.c
      1          /**********************************************************************************
      2           *
      3           *      Delays routine
      4           *
      5           **********************************************************************************
      6           * FileName:        delay.c
      7           * Version:			1.00
      8           *
      9           * Processor:       MSP430G2xxx
     10           * Complier:        IAR Workbench for MSP430 v4.50 or higher
     11           *                  
     12           * Company:         ARTON
     13           *
     14           *
     15           * Author               Date      	Version	  		Comment
     16           *-------------------------------------------------------------------------------
     17           * Oleg Semeniuk	 20.11.2013    	1.00		Release for v1.00
     18           *
     19          
     20           *********************************************************************************/
     21          
     22          #include "hardware.h"
     23          
     24          
     25          
     26          /*********************************************************************************/
     27          /*                                FUNCTIONS                                      */
     28          /*********************************************************************************/
     29          
     30          //-------------------------------------------------------------------------------------------------
     31          // Function		: void DelayUs_8MHz(unsigned short us)
     32          // Parameters	: us = delay in us
     33          // Return		: None
     34          // Description	: Function of the delay for 8MHz
     35          //-------------------------------------------------------------------------------------------------
     36          void DelayUs_8MHz(unsigned short us) {
     37          	while (us--){
     38          		asm("nop");
     39          		asm("nop");
     40          		asm("nop");
     41          		asm("nop");
     42          	}
     43          }
     44          
     45          
     46          //-------------------------------------------------------------------------------------------------
     47          // Function		: void DelayUs(unsigned short us)
     48          // Parameters	: us = delay in us
     49          // Return		: None
     50          // Description	: Function of the delay for 8MHz
     51          //-------------------------------------------------------------------------------------------------
     52          #pragma optimize=none
     53          void DelayUs(unsigned short us) {
     54          	us >>= 4;
     55          	while (us--){
     56          		asm("nop");
     57          		asm("nop");
     58          		asm("nop");
     59          		asm("nop");
     60          		//asm("nop");
     61          		
     62          		
     63          		/*
     64          		asm("nop");
     65          		asm("nop");
     66          		asm("nop");
     67          		asm("nop");
     68          		
     69          		asm("nop");
     70          		asm("nop");
     71          		asm("nop");
     72          		asm("nop");
     73          		
     74          		asm("nop");
     75          		asm("nop");
     76          		asm("nop");
     77          		asm("nop");
     78          		*/
     79          	}
     80          }
     81          
     82          
     83          #pragma optimize=none
     84          void Delay30Us(void) {
     85          		asm("nop");
     86          		asm("nop");
     87          		asm("nop");
     88          		asm("nop");
     89          		asm("nop");
     90          		asm("nop");
     91          		asm("nop");
     92          		asm("nop");
     93          }
     94          
     95          
     96          
     97          //-------------------------------------------------------------------------------------------------
     98          // Function		: void DelayMs(unsigned short ms)
     99          // Parameters	: ms = delay in ms
    100          // Return		: None
    101          // Description	: Function of the delay for 8MHz
    102          //-------------------------------------------------------------------------------------------------
    103          void DelayMs(unsigned short ms) {
    104          	while (ms--){
    105          		DelayUs(997);
    106          	}
    107          }
    108          
    109          
    110          
    111          // End delay.c

   Maximum stack usage in bytes:

   CSTACK Function
   ------ --------
       2  Delay30Us
       2  DelayMs
            2 -> DelayUs
       2  DelayUs
       2  DelayUs_8MHz


   Segment part sizes:

   Bytes  Function/Label
   -----  --------------
      18  Delay30Us
      20  DelayMs
      32  DelayUs
      20  DelayUs_8MHz

 
 90 bytes in segment CODE
 
 90 bytes of CODE memory

Errors: none
Warnings: none
